[2024-10-16T13:56:22.994+0000] {local_task_job_runner.py:123} INFO - ::group::Pre task execution logs
[2024-10-16T13:56:23.003+0000] {taskinstance.py:2612} INFO - Dependencies all met for dep_context=non-requeueable deps ti=<TaskInstance: booking_scraping_dag.run_price_scrapy manual__2024-10-16T13:56:21.953502+00:00 [queued]>
[2024-10-16T13:56:23.007+0000] {taskinstance.py:2612} INFO - Dependencies all met for dep_context=requeueable deps ti=<TaskInstance: booking_scraping_dag.run_price_scrapy manual__2024-10-16T13:56:21.953502+00:00 [queued]>
[2024-10-16T13:56:23.007+0000] {taskinstance.py:2865} INFO - Starting attempt 1 of 1
[2024-10-16T13:56:23.016+0000] {taskinstance.py:2888} INFO - Executing <Task(BashOperator): run_price_scrapy> on 2024-10-16 13:56:21.953502+00:00
[2024-10-16T13:56:23.022+0000] {standard_task_runner.py:104} INFO - Running: ['***', 'tasks', 'run', 'booking_scraping_dag', 'run_price_scrapy', 'manual__2024-10-16T13:56:21.953502+00:00', '--job-id', '83', '--raw', '--subdir', 'DAGS_FOLDER/booking_dag.py', '--cfg-path', '/tmp/tmpw_8baeg6']
[2024-10-16T13:56:23.023+0000] {standard_task_runner.py:105} INFO - Job 83: Subtask run_price_scrapy
[2024-10-16T13:56:23.023+0000] {logging_mixin.py:190} WARNING - /home/***/.local/lib/python3.12/site-packages/***/task/task_runner/standard_task_runner.py:70 DeprecationWarning: This process (pid=461) is multi-threaded, use of fork() may lead to deadlocks in the child.
[2024-10-16T13:56:23.024+0000] {standard_task_runner.py:72} INFO - Started process 464 to run task
[2024-10-16T13:56:23.049+0000] {task_command.py:467} INFO - Running <TaskInstance: booking_scraping_dag.run_price_scrapy manual__2024-10-16T13:56:21.953502+00:00 [running]> on host 17d4be52502d
[2024-10-16T13:56:23.091+0000] {taskinstance.py:3131} INFO - Exporting env vars: AIRFLOW_CTX_DAG_EMAIL='21120576@student.hcmus.edu.vn' AIRFLOW_CTX_DAG_OWNER='cheep' AIRFLOW_CTX_DAG_ID='booking_scraping_dag' AIRFLOW_CTX_TASK_ID='run_price_scrapy' AIRFLOW_CTX_EXECUTION_DATE='2024-10-16T13:56:21.953502+00:00' AIRFLOW_CTX_TRY_NUMBER='1' AIRFLOW_CTX_DAG_RUN_ID='manual__2024-10-16T13:56:21.953502+00:00'
[2024-10-16T13:56:23.092+0000] {logging_mixin.py:190} INFO - Task instance is in running state
[2024-10-16T13:56:23.093+0000] {logging_mixin.py:190} INFO -  Previous state of the Task instance: queued
[2024-10-16T13:56:23.093+0000] {logging_mixin.py:190} INFO - Current task name:run_price_scrapy state:running start_date:2024-10-16 13:56:23.003535+00:00
[2024-10-16T13:56:23.093+0000] {logging_mixin.py:190} INFO - Dag name:booking_scraping_dag and current dag run status:running
[2024-10-16T13:56:23.093+0000] {taskinstance.py:731} INFO - ::endgroup::
[2024-10-16T13:56:23.094+0000] {subprocess.py:63} INFO - Tmp dir root location: /tmp
[2024-10-16T13:56:23.094+0000] {subprocess.py:75} INFO - Running command: ['/usr/bin/bash', '-c', 'cd /opt/***/booking && scrapy crawl price']
[2024-10-16T13:56:23.101+0000] {subprocess.py:86} INFO - Output:
[2024-10-16T13:56:35.263+0000] {subprocess.py:93} INFO - 2024-10-16 13:56:35.263 | SUCCESS  | booking.spiders.PriceSpider:parse_graphql_response:160 - Scraped 26 results from search pages
[2024-10-16T13:56:35.285+0000] {subprocess.py:93} INFO - 2024-10-16 13:56:35.285 | SUCCESS  | booking.spiders.PriceSpider:parse_graphql_response:160 - Scraped 51 results from search pages
[2024-10-16T13:56:35.286+0000] {subprocess.py:93} INFO - 2024-10-16 13:56:35.286 | SUCCESS  | booking.spiders.PriceSpider:parse_graphql_response:160 - Scraped 77 results from search pages
[2024-10-16T13:56:35.523+0000] {subprocess.py:93} INFO - 2024-10-16 13:56:35.523 | SUCCESS  | booking.spiders.PriceSpider:parse_graphql_response:160 - Scraped 102 results from search pages
[2024-10-16T13:56:35.632+0000] {subprocess.py:93} INFO - 2024-10-16 13:56:35.631 | SUCCESS  | booking.spiders.PriceSpider:parse_graphql_response:160 - Scraped 127 results from search pages
[2024-10-16T13:56:36.027+0000] {subprocess.py:93} INFO - 2024-10-16 13:56:36.027 | SUCCESS  | booking.spiders.PriceSpider:parse_graphql_response:160 - Scraped 152 results from search pages
[2024-10-16T13:56:36.490+0000] {subprocess.py:93} INFO - 2024-10-16 13:56:36.490 | SUCCESS  | booking.spiders.PriceSpider:parse_graphql_response:160 - Scraped 177 results from search pages
[2024-10-16T13:56:36.539+0000] {subprocess.py:93} INFO - 2024-10-16 13:56:36.539 | SUCCESS  | booking.spiders.PriceSpider:parse_graphql_response:160 - Scraped 202 results from search pages
[2024-10-16T13:56:37.292+0000] {subprocess.py:93} INFO - 2024-10-16 13:56:37.292 | SUCCESS  | booking.spiders.PriceSpider:parse_graphql_response:160 - Scraped 227 results from search pages
[2024-10-16T13:56:37.365+0000] {subprocess.py:93} INFO - 2024-10-16 13:56:37.365 | SUCCESS  | booking.spiders.PriceSpider:parse_graphql_response:160 - Scraped 253 results from search pages
[2024-10-16T13:56:37.377+0000] {subprocess.py:93} INFO - 2024-10-16 13:56:37.376 | SUCCESS  | booking.spiders.PriceSpider:parse_graphql_response:160 - Scraped 279 results from search pages
[2024-10-16T13:56:37.457+0000] {subprocess.py:93} INFO - 2024-10-16 13:56:37.456 | SUCCESS  | booking.spiders.PriceSpider:parse_graphql_response:160 - Scraped 304 results from search pages
[2024-10-16T13:56:37.560+0000] {subprocess.py:93} INFO - 2024-10-16 13:56:37.560 | SUCCESS  | booking.spiders.PriceSpider:parse_graphql_response:160 - Scraped 329 results from search pages
[2024-10-16T13:56:37.685+0000] {subprocess.py:93} INFO - 2024-10-16 13:56:37.684 | SUCCESS  | booking.spiders.PriceSpider:parse_graphql_response:160 - Scraped 354 results from search pages
[2024-10-16T13:56:37.743+0000] {subprocess.py:93} INFO - 2024-10-16 13:56:37.743 | SUCCESS  | booking.spiders.PriceSpider:parse_graphql_response:160 - Scraped 379 results from search pages
[2024-10-16T13:56:38.392+0000] {subprocess.py:93} INFO - 2024-10-16 13:56:38.392 | SUCCESS  | booking.spiders.PriceSpider:parse_graphql_response:160 - Scraped 404 results from search pages
[2024-10-16T13:56:39.237+0000] {subprocess.py:93} INFO - 2024-10-16 13:56:39.237 | SUCCESS  | booking.spiders.PriceSpider:parse_graphql_response:160 - Scraped 430 results from search pages
[2024-10-16T13:56:40.686+0000] {subprocess.py:93} INFO - 2024-10-16 13:56:40.685 | SUCCESS  | booking.spiders.PriceSpider:parse_graphql_response:160 - Scraped 456 results from search pages
[2024-10-16T13:56:41.317+0000] {subprocess.py:93} INFO - 2024-10-16 13:56:41.317 | SUCCESS  | booking.spiders.PriceSpider:parse_graphql_response:160 - Scraped 481 results from search pages
[2024-10-16T14:00:31.557+0000] {subprocess.py:93} INFO - 2024-10-16 14:00:31.557 | SUCCESS  | booking.spiders.PriceSpider:parse_graphql_response:160 - Scraped 507 results from search pages
[2024-10-16T14:03:08.132+0000] {subprocess.py:93} INFO - 2024-10-16 14:03:08.132 | SUCCESS  | booking.spiders.PriceSpider:parse_graphql_response:160 - Scraped 533 results from search pages
[2024-10-16T14:03:08.228+0000] {subprocess.py:93} INFO - 2024-10-16 14:03:08.227 | SUCCESS  | booking.spiders.PriceSpider:parse_graphql_response:160 - Scraped 558 results from search pages
[2024-10-16T14:03:08.589+0000] {subprocess.py:93} INFO - 2024-10-16 14:03:08.589 | SUCCESS  | booking.spiders.PriceSpider:parse_graphql_response:160 - Scraped 584 results from search pages
[2024-10-16T14:03:09.236+0000] {subprocess.py:93} INFO - 2024-10-16 14:03:09.236 | SUCCESS  | booking.spiders.PriceSpider:parse_graphql_response:160 - Scraped 610 results from search pages
[2024-10-16T14:03:10.196+0000] {subprocess.py:93} INFO - 2024-10-16 14:03:10.195 | SUCCESS  | booking.spiders.PriceSpider:parse_graphql_response:160 - Scraped 635 results from search pages
[2024-10-16T14:03:10.345+0000] {subprocess.py:93} INFO - 2024-10-16 14:03:10.345 | SUCCESS  | booking.spiders.PriceSpider:parse_graphql_response:160 - Scraped 660 results from search pages
[2024-10-16T14:03:10.435+0000] {subprocess.py:93} INFO - 2024-10-16 14:03:10.435 | SUCCESS  | booking.spiders.PriceSpider:parse_graphql_response:160 - Scraped 686 results from search pages
[2024-10-16T14:03:10.493+0000] {subprocess.py:93} INFO - 2024-10-16 14:03:10.489 | SUCCESS  | booking.spiders.PriceSpider:parse_graphql_response:160 - Scraped 712 results from search pages
[2024-10-16T14:03:11.104+0000] {subprocess.py:93} INFO - 2024-10-16 14:03:11.104 | SUCCESS  | booking.spiders.PriceSpider:parse_graphql_response:160 - Scraped 738 results from search pages
[2024-10-16T14:03:12.434+0000] {subprocess.py:93} INFO - 2024-10-16 14:03:12.434 | SUCCESS  | booking.spiders.PriceSpider:parse_graphql_response:160 - Scraped 764 results from search pages
[2024-10-16T14:03:12.671+0000] {subprocess.py:93} INFO - 2024-10-16 14:03:12.670 | SUCCESS  | booking.spiders.PriceSpider:parse_graphql_response:160 - Scraped 790 results from search pages
[2024-10-16T14:03:12.680+0000] {subprocess.py:93} INFO - 2024-10-16 14:03:12.679 | SUCCESS  | booking.spiders.PriceSpider:parse_graphql_response:160 - Scraped 815 results from search pages
[2024-10-16T14:03:12.877+0000] {subprocess.py:93} INFO - 2024-10-16 14:03:12.876 | SUCCESS  | booking.spiders.PriceSpider:parse_graphql_response:160 - Scraped 841 results from search pages
[2024-10-16T14:03:14.104+0000] {subprocess.py:93} INFO - 2024-10-16 14:03:14.103 | SUCCESS  | booking.spiders.PriceSpider:parse_graphql_response:160 - Scraped 867 results from search pages
[2024-10-16T14:03:27.444+0000] {subprocess.py:93} INFO - 2024-10-16 14:03:27.444 | SUCCESS  | booking.spiders.PriceSpider:parse_graphql_response:160 - Scraped 892 results from search pages
[2024-10-16T14:03:29.585+0000] {subprocess.py:93} INFO - 2024-10-16 14:03:29.585 | SUCCESS  | booking.spiders.PriceSpider:parse_graphql_response:160 - Scraped 918 results from search pages
[2024-10-16T14:07:38.638+0000] {local_task_job_runner.py:127} ERROR - Received SIGTERM. Terminating subprocesses
[2024-10-16T14:07:38.657+0000] {process_utils.py:132} INFO - Sending 15 to group 464. PIDs of all processes in the group: [467, 464]
[2024-10-16T14:07:38.658+0000] {process_utils.py:87} INFO - Sending the signal 15 to group 464
[2024-10-16T14:07:38.662+0000] {taskinstance.py:3092} ERROR - Received SIGTERM. Terminating subprocesses.
[2024-10-16T14:07:38.662+0000] {subprocess.py:104} INFO - Sending SIGTERM signal to process group
[2024-10-16T14:07:38.674+0000] {taskinstance.py:3310} ERROR - Task failed with exception
Traceback (most recent call last):
  File "/home/airflow/.local/lib/python3.12/site-packages/airflow/models/taskinstance.py", line 767, in _execute_task
    result = _execute_callable(context=context, **execute_callable_kwargs)
             ^^^^^^^^^^^^^^^^^^^^^^^^^^^^^^^^^^^^^^^^^^^^^^^^^^^^^^^^^^^^^
  File "/home/airflow/.local/lib/python3.12/site-packages/airflow/models/taskinstance.py", line 733, in _execute_callable
    return ExecutionCallableRunner(
           ^^^^^^^^^^^^^^^^^^^^^^^^
  File "/home/airflow/.local/lib/python3.12/site-packages/airflow/utils/operator_helpers.py", line 252, in run
    return self.func(*args, **kwargs)
           ^^^^^^^^^^^^^^^^^^^^^^^^^^
  File "/home/airflow/.local/lib/python3.12/site-packages/airflow/models/baseoperator.py", line 406, in wrapper
    return func(self, *args, **kwargs)
           ^^^^^^^^^^^^^^^^^^^^^^^^^^^
  File "/home/airflow/.local/lib/python3.12/site-packages/airflow/operators/bash.py", line 240, in execute
    result = self.subprocess_hook.run_command(
             ^^^^^^^^^^^^^^^^^^^^^^^^^^^^^^^^^
  File "/home/airflow/.local/lib/python3.12/site-packages/airflow/hooks/subprocess.py", line 91, in run_command
    for raw_line in iter(self.sub_process.stdout.readline, b""):
                    ^^^^^^^^^^^^^^^^^^^^^^^^^^^^^^^^^^^^^^^^^^^
  File "/home/airflow/.local/lib/python3.12/site-packages/airflow/models/taskinstance.py", line 3094, in signal_handler
    raise AirflowTaskTerminated("Task received SIGTERM signal")
airflow.exceptions.AirflowTaskTerminated: Task received SIGTERM signal
[2024-10-16T14:07:38.689+0000] {logging_mixin.py:190} INFO - Task instance in failure state
[2024-10-16T14:07:38.693+0000] {logging_mixin.py:190} INFO - Task start:2024-10-16 13:56:23.003535+00:00 end:2024-10-16 14:07:38.688693+00:00 duration:675.685158
[2024-10-16T14:07:38.693+0000] {logging_mixin.py:190} INFO - Task:<Task(BashOperator): run_price_scrapy> dag:<DAG: booking_scraping_dag> dagrun:<DagRun booking_scraping_dag @ 2024-10-16 13:56:21.953502+00:00: manual__2024-10-16T13:56:21.953502+00:00, state:running, queued_at: 2024-10-16 13:56:21.963667+00:00. externally triggered: True>
[2024-10-16T14:07:38.694+0000] {logging_mixin.py:190} INFO - Failure caused by Task received SIGTERM signal
[2024-10-16T14:07:38.694+0000] {taskinstance.py:1225} INFO - Marking task as FAILED. dag_id=booking_scraping_dag, task_id=run_price_scrapy, run_id=manual__2024-10-16T13:56:21.953502+00:00, execution_date=20241016T135621, start_date=20241016T135623, end_date=20241016T140738
[2024-10-16T14:07:38.712+0000] {logging_mixin.py:190} WARNING - /home/***/.local/lib/python3.12/site-packages/***/utils/email.py:155 RemovedInAirflow3Warning: Fetching SMTP credentials from configuration variables will be deprecated in a future release. Please set credentials using a connection instead.
[2024-10-16T14:07:38.713+0000] {configuration.py:1058} WARNING - section/key [smtp/smtp_user] not found in config
[2024-10-16T14:07:38.713+0000] {email.py:272} INFO - Email alerting: attempt 1
[2024-10-16T14:07:38.724+0000] {configuration.py:1058} WARNING - section/key [smtp/smtp_user] not found in config
[2024-10-16T14:07:38.725+0000] {email.py:272} INFO - Email alerting: attempt 1
[2024-10-16T14:07:38.727+0000] {taskinstance.py:1234} ERROR - Failed to send email to: ['21120576@student.hcmus.edu.vn']
Traceback (most recent call last):
  File "/home/airflow/.local/lib/python3.12/site-packages/airflow/models/taskinstance.py", line 273, in _run_raw_task
    TaskInstance._execute_task_with_callbacks(
  File "/home/airflow/.local/lib/python3.12/site-packages/airflow/models/taskinstance.py", line 3158, in _execute_task_with_callbacks
    result = self._execute_task(context, task_orig)
             ^^^^^^^^^^^^^^^^^^^^^^^^^^^^^^^^^^^^^^
  File "/home/airflow/.local/lib/python3.12/site-packages/airflow/models/taskinstance.py", line 3182, in _execute_task
    return _execute_task(self, context, task_orig)
           ^^^^^^^^^^^^^^^^^^^^^^^^^^^^^^^^^^^^^^^
  File "/home/airflow/.local/lib/python3.12/site-packages/airflow/models/taskinstance.py", line 767, in _execute_task
    result = _execute_callable(context=context, **execute_callable_kwargs)
             ^^^^^^^^^^^^^^^^^^^^^^^^^^^^^^^^^^^^^^^^^^^^^^^^^^^^^^^^^^^^^
  File "/home/airflow/.local/lib/python3.12/site-packages/airflow/models/taskinstance.py", line 733, in _execute_callable
    return ExecutionCallableRunner(
           ^^^^^^^^^^^^^^^^^^^^^^^^
  File "/home/airflow/.local/lib/python3.12/site-packages/airflow/utils/operator_helpers.py", line 252, in run
    return self.func(*args, **kwargs)
           ^^^^^^^^^^^^^^^^^^^^^^^^^^
  File "/home/airflow/.local/lib/python3.12/site-packages/airflow/models/baseoperator.py", line 406, in wrapper
    return func(self, *args, **kwargs)
           ^^^^^^^^^^^^^^^^^^^^^^^^^^^
  File "/home/airflow/.local/lib/python3.12/site-packages/airflow/operators/bash.py", line 240, in execute
    result = self.subprocess_hook.run_command(
             ^^^^^^^^^^^^^^^^^^^^^^^^^^^^^^^^^
  File "/home/airflow/.local/lib/python3.12/site-packages/airflow/hooks/subprocess.py", line 91, in run_command
    for raw_line in iter(self.sub_process.stdout.readline, b""):
                    ^^^^^^^^^^^^^^^^^^^^^^^^^^^^^^^^^^^^^^^^^^^
  File "/home/airflow/.local/lib/python3.12/site-packages/airflow/models/taskinstance.py", line 3094, in signal_handler
    raise AirflowTaskTerminated("Task received SIGTERM signal")
airflow.exceptions.AirflowTaskTerminated: Task received SIGTERM signal

During handling of the above exception, another exception occurred:

Traceback (most recent call last):
  File "/home/airflow/.local/lib/python3.12/site-packages/airflow/models/taskinstance.py", line 1442, in _email_alert
    send_email(task.email, subject, html_content)
  File "/home/airflow/.local/lib/python3.12/site-packages/airflow/utils/email.py", line 80, in send_email
    return backend(
           ^^^^^^^^
  File "/home/airflow/.local/lib/python3.12/site-packages/airflow/utils/email.py", line 155, in send_email_smtp
    send_mime_email(e_from=mail_from, e_to=recipients, mime_msg=msg, conn_id=conn_id, dryrun=dryrun)
  File "/home/airflow/.local/lib/python3.12/site-packages/airflow/utils/email.py", line 274, in send_mime_email
    smtp_conn = _get_smtp_connection(smtp_host, smtp_port, smtp_timeout, smtp_ssl)
                ^^^^^^^^^^^^^^^^^^^^^^^^^^^^^^^^^^^^^^^^^^^^^^^^^^^^^^^^^^^^^^^^^^
  File "/home/airflow/.local/lib/python3.12/site-packages/airflow/utils/email.py", line 318, in _get_smtp_connection
    return smtplib.SMTP(host=host, port=port, timeout=timeout)
           ^^^^^^^^^^^^^^^^^^^^^^^^^^^^^^^^^^^^^^^^^^^^^^^^^^^
  File "/usr/local/lib/python3.12/smtplib.py", line 255, in __init__
    (code, msg) = self.connect(host, port)
                  ^^^^^^^^^^^^^^^^^^^^^^^^
  File "/usr/local/lib/python3.12/smtplib.py", line 341, in connect
    self.sock = self._get_socket(host, port, self.timeout)
                ^^^^^^^^^^^^^^^^^^^^^^^^^^^^^^^^^^^^^^^^^^
  File "/usr/local/lib/python3.12/smtplib.py", line 312, in _get_socket
    return socket.create_connection((host, port), timeout,
           ^^^^^^^^^^^^^^^^^^^^^^^^^^^^^^^^^^^^^^^^^^^^^^^
  File "/usr/local/lib/python3.12/socket.py", line 865, in create_connection
    raise exceptions[0]
  File "/usr/local/lib/python3.12/socket.py", line 850, in create_connection
    sock.connect(sa)
ConnectionRefusedError: [Errno 111] Connection refused

During handling of the above exception, another exception occurred:

Traceback (most recent call last):
  File "/home/airflow/.local/lib/python3.12/site-packages/airflow/models/taskinstance.py", line 1232, in _handle_failure
    task_instance.email_alert(error, failure_context["task"])
  File "/home/airflow/.local/lib/python3.12/site-packages/airflow/models/taskinstance.py", line 3604, in email_alert
    _email_alert(task_instance=self, exception=exception, task=task)
  File "/home/airflow/.local/lib/python3.12/site-packages/airflow/models/taskinstance.py", line 1444, in _email_alert
    send_email(task.email, subject, html_content_err)
  File "/home/airflow/.local/lib/python3.12/site-packages/airflow/utils/email.py", line 80, in send_email
    return backend(
           ^^^^^^^^
  File "/home/airflow/.local/lib/python3.12/site-packages/airflow/utils/email.py", line 155, in send_email_smtp
    send_mime_email(e_from=mail_from, e_to=recipients, mime_msg=msg, conn_id=conn_id, dryrun=dryrun)
  File "/home/airflow/.local/lib/python3.12/site-packages/airflow/utils/email.py", line 274, in send_mime_email
    smtp_conn = _get_smtp_connection(smtp_host, smtp_port, smtp_timeout, smtp_ssl)
                ^^^^^^^^^^^^^^^^^^^^^^^^^^^^^^^^^^^^^^^^^^^^^^^^^^^^^^^^^^^^^^^^^^
  File "/home/airflow/.local/lib/python3.12/site-packages/airflow/utils/email.py", line 318, in _get_smtp_connection
    return smtplib.SMTP(host=host, port=port, timeout=timeout)
           ^^^^^^^^^^^^^^^^^^^^^^^^^^^^^^^^^^^^^^^^^^^^^^^^^^^
  File "/usr/local/lib/python3.12/smtplib.py", line 255, in __init__
    (code, msg) = self.connect(host, port)
                  ^^^^^^^^^^^^^^^^^^^^^^^^
  File "/usr/local/lib/python3.12/smtplib.py", line 341, in connect
    self.sock = self._get_socket(host, port, self.timeout)
                ^^^^^^^^^^^^^^^^^^^^^^^^^^^^^^^^^^^^^^^^^^
  File "/usr/local/lib/python3.12/smtplib.py", line 312, in _get_socket
    return socket.create_connection((host, port), timeout,
           ^^^^^^^^^^^^^^^^^^^^^^^^^^^^^^^^^^^^^^^^^^^^^^^
  File "/usr/local/lib/python3.12/socket.py", line 865, in create_connection
    raise exceptions[0]
  File "/usr/local/lib/python3.12/socket.py", line 850, in create_connection
    sock.connect(sa)
ConnectionRefusedError: [Errno 111] Connection refused
[2024-10-16T14:07:38.756+0000] {taskinstance.py:340} INFO - ::group::Post task execution logs
[2024-10-16T14:07:38.809+0000] {process_utils.py:80} INFO - Process psutil.Process(pid=464, status='terminated', exitcode=2, started='13:56:22') (464) terminated with exit code 2
