[2024-10-16T13:32:23.811+0000] {local_task_job_runner.py:123} INFO - ::group::Pre task execution logs
[2024-10-16T13:32:23.819+0000] {taskinstance.py:2612} INFO - Dependencies all met for dep_context=non-requeueable deps ti=<TaskInstance: booking_scraping_dag.run_price_scrapy manual__2024-10-16T13:32:22.688558+00:00 [queued]>
[2024-10-16T13:32:23.825+0000] {taskinstance.py:2612} INFO - Dependencies all met for dep_context=requeueable deps ti=<TaskInstance: booking_scraping_dag.run_price_scrapy manual__2024-10-16T13:32:22.688558+00:00 [queued]>
[2024-10-16T13:32:23.825+0000] {taskinstance.py:2865} INFO - Starting attempt 1 of 1
[2024-10-16T13:32:23.832+0000] {taskinstance.py:2888} INFO - Executing <Task(BashOperator): run_price_scrapy> on 2024-10-16 13:32:22.688558+00:00
[2024-10-16T13:32:23.837+0000] {standard_task_runner.py:104} INFO - Running: ['***', 'tasks', 'run', 'booking_scraping_dag', 'run_price_scrapy', 'manual__2024-10-16T13:32:22.688558+00:00', '--job-id', '76', '--raw', '--subdir', 'DAGS_FOLDER/booking_dag.py', '--cfg-path', '/tmp/tmpa5jbhcgr']
[2024-10-16T13:32:23.838+0000] {standard_task_runner.py:105} INFO - Job 76: Subtask run_price_scrapy
[2024-10-16T13:32:23.839+0000] {logging_mixin.py:190} WARNING - /home/***/.local/lib/python3.12/site-packages/***/task/task_runner/standard_task_runner.py:70 DeprecationWarning: This process (pid=472) is multi-threaded, use of fork() may lead to deadlocks in the child.
[2024-10-16T13:32:23.839+0000] {standard_task_runner.py:72} INFO - Started process 474 to run task
[2024-10-16T13:32:23.861+0000] {task_command.py:467} INFO - Running <TaskInstance: booking_scraping_dag.run_price_scrapy manual__2024-10-16T13:32:22.688558+00:00 [running]> on host 45f4dfcb0066
[2024-10-16T13:32:23.902+0000] {taskinstance.py:3131} INFO - Exporting env vars: AIRFLOW_CTX_DAG_EMAIL='21120576@student.hcmus.edu.vn' AIRFLOW_CTX_DAG_OWNER='cheep' AIRFLOW_CTX_DAG_ID='booking_scraping_dag' AIRFLOW_CTX_TASK_ID='run_price_scrapy' AIRFLOW_CTX_EXECUTION_DATE='2024-10-16T13:32:22.688558+00:00' AIRFLOW_CTX_TRY_NUMBER='1' AIRFLOW_CTX_DAG_RUN_ID='manual__2024-10-16T13:32:22.688558+00:00'
[2024-10-16T13:32:23.903+0000] {logging_mixin.py:190} INFO - Task instance is in running state
[2024-10-16T13:32:23.903+0000] {logging_mixin.py:190} INFO -  Previous state of the Task instance: queued
[2024-10-16T13:32:23.904+0000] {logging_mixin.py:190} INFO - Current task name:run_price_scrapy state:running start_date:2024-10-16 13:32:23.820376+00:00
[2024-10-16T13:32:23.904+0000] {logging_mixin.py:190} INFO - Dag name:booking_scraping_dag and current dag run status:running
[2024-10-16T13:32:23.904+0000] {taskinstance.py:731} INFO - ::endgroup::
[2024-10-16T13:32:23.905+0000] {subprocess.py:63} INFO - Tmp dir root location: /tmp
[2024-10-16T13:32:23.905+0000] {subprocess.py:75} INFO - Running command: ['/usr/bin/bash', '-c', 'cd /opt/***/booking && scrapy crawl price']
[2024-10-16T13:32:23.913+0000] {subprocess.py:86} INFO - Output:
[2024-10-16T13:32:43.681+0000] {subprocess.py:93} INFO - 2024-10-16 13:32:43.681 | SUCCESS  | booking.spiders.PriceSpider:parse_graphql_response:160 - Scraped 25 results from search pages
[2024-10-16T13:32:44.007+0000] {subprocess.py:93} INFO - 2024-10-16 13:32:44.007 | SUCCESS  | booking.spiders.PriceSpider:parse_graphql_response:160 - Scraped 50 results from search pages
[2024-10-16T13:32:44.036+0000] {subprocess.py:93} INFO - 2024-10-16 13:32:44.036 | SUCCESS  | booking.spiders.PriceSpider:parse_graphql_response:160 - Scraped 76 results from search pages
[2024-10-16T13:32:44.156+0000] {subprocess.py:93} INFO - 2024-10-16 13:32:44.156 | SUCCESS  | booking.spiders.PriceSpider:parse_graphql_response:160 - Scraped 102 results from search pages
[2024-10-16T13:32:45.883+0000] {subprocess.py:93} INFO - 2024-10-16 13:32:45.883 | SUCCESS  | booking.spiders.PriceSpider:parse_graphql_response:160 - Scraped 127 results from search pages
[2024-10-16T13:32:46.426+0000] {subprocess.py:93} INFO - 2024-10-16 13:32:46.425 | SUCCESS  | booking.spiders.PriceSpider:parse_graphql_response:160 - Scraped 152 results from search pages
[2024-10-16T13:32:46.789+0000] {subprocess.py:93} INFO - 2024-10-16 13:32:46.789 | SUCCESS  | booking.spiders.PriceSpider:parse_graphql_response:160 - Scraped 177 results from search pages
[2024-10-16T13:32:46.815+0000] {subprocess.py:93} INFO - 2024-10-16 13:32:46.815 | SUCCESS  | booking.spiders.PriceSpider:parse_graphql_response:160 - Scraped 202 results from search pages
[2024-10-16T13:32:46.977+0000] {subprocess.py:93} INFO - 2024-10-16 13:32:46.977 | SUCCESS  | booking.spiders.PriceSpider:parse_graphql_response:160 - Scraped 228 results from search pages
[2024-10-16T13:32:47.606+0000] {subprocess.py:93} INFO - 2024-10-16 13:32:47.606 | SUCCESS  | booking.spiders.PriceSpider:parse_graphql_response:160 - Scraped 253 results from search pages
[2024-10-16T13:32:47.678+0000] {subprocess.py:93} INFO - 2024-10-16 13:32:47.678 | SUCCESS  | booking.spiders.PriceSpider:parse_graphql_response:160 - Scraped 278 results from search pages
[2024-10-16T13:32:48.293+0000] {subprocess.py:93} INFO - 2024-10-16 13:32:48.293 | SUCCESS  | booking.spiders.PriceSpider:parse_graphql_response:160 - Scraped 303 results from search pages
[2024-10-16T13:32:51.567+0000] {subprocess.py:93} INFO - 2024-10-16 13:32:51.567 | SUCCESS  | booking.spiders.PriceSpider:parse_graphql_response:160 - Scraped 328 results from search pages
[2024-10-16T13:32:52.227+0000] {subprocess.py:93} INFO - 2024-10-16 13:32:52.227 | SUCCESS  | booking.spiders.PriceSpider:parse_graphql_response:160 - Scraped 353 results from search pages
[2024-10-16T13:32:52.707+0000] {subprocess.py:93} INFO - 2024-10-16 13:32:52.707 | SUCCESS  | booking.spiders.PriceSpider:parse_graphql_response:160 - Scraped 378 results from search pages
[2024-10-16T13:32:54.645+0000] {subprocess.py:93} INFO - 2024-10-16 13:32:54.645 | SUCCESS  | booking.spiders.PriceSpider:parse_graphql_response:160 - Scraped 403 results from search pages
[2024-10-16T13:33:31.134+0000] {subprocess.py:93} INFO - 2024-10-16 13:33:31.134 | SUCCESS  | booking.spiders.PriceSpider:parse_graphql_response:160 - Scraped 428 results from search pages
[2024-10-16T13:33:31.881+0000] {subprocess.py:93} INFO - 2024-10-16 13:33:31.880 | SUCCESS  | booking.spiders.PriceSpider:parse_graphql_response:160 - Scraped 454 results from search pages
[2024-10-16T13:42:19.595+0000] {subprocess.py:93} INFO - 2024-10-16 13:42:19.595 | SUCCESS  | booking.spiders.PriceSpider:parse_graphql_response:160 - Scraped 480 results from search pages
[2024-10-16T13:42:20.607+0000] {subprocess.py:93} INFO - 2024-10-16 13:42:20.607 | SUCCESS  | booking.spiders.PriceSpider:parse_graphql_response:160 - Scraped 506 results from search pages
[2024-10-16T13:42:21.987+0000] {subprocess.py:93} INFO - 2024-10-16 13:42:21.987 | SUCCESS  | booking.spiders.PriceSpider:parse_graphql_response:160 - Scraped 531 results from search pages
[2024-10-16T13:42:22.600+0000] {subprocess.py:93} INFO - 2024-10-16 13:42:22.600 | SUCCESS  | booking.spiders.PriceSpider:parse_graphql_response:160 - Scraped 557 results from search pages
[2024-10-16T13:42:22.613+0000] {subprocess.py:93} INFO - 2024-10-16 13:42:22.613 | SUCCESS  | booking.spiders.PriceSpider:parse_graphql_response:160 - Scraped 583 results from search pages
[2024-10-16T13:42:22.911+0000] {subprocess.py:93} INFO - 2024-10-16 13:42:22.911 | SUCCESS  | booking.spiders.PriceSpider:parse_graphql_response:160 - Scraped 609 results from search pages
[2024-10-16T13:42:23.262+0000] {subprocess.py:93} INFO - 2024-10-16 13:42:23.262 | SUCCESS  | booking.spiders.PriceSpider:parse_graphql_response:160 - Scraped 634 results from search pages
[2024-10-16T13:42:23.975+0000] {subprocess.py:93} INFO - 2024-10-16 13:42:23.974 | SUCCESS  | booking.spiders.PriceSpider:parse_graphql_response:160 - Scraped 660 results from search pages
[2024-10-16T13:42:24.540+0000] {subprocess.py:93} INFO - 2024-10-16 13:42:24.540 | SUCCESS  | booking.spiders.PriceSpider:parse_graphql_response:160 - Scraped 686 results from search pages
[2024-10-16T13:42:24.661+0000] {subprocess.py:93} INFO - 2024-10-16 13:42:24.660 | SUCCESS  | booking.spiders.PriceSpider:parse_graphql_response:160 - Scraped 712 results from search pages
[2024-10-16T13:42:25.834+0000] {subprocess.py:93} INFO - 2024-10-16 13:42:25.834 | SUCCESS  | booking.spiders.PriceSpider:parse_graphql_response:160 - Scraped 738 results from search pages
[2024-10-16T13:42:26.232+0000] {subprocess.py:93} INFO - 2024-10-16 13:42:26.232 | SUCCESS  | booking.spiders.PriceSpider:parse_graphql_response:160 - Scraped 763 results from search pages
[2024-10-16T13:42:28.981+0000] {subprocess.py:93} INFO - 2024-10-16 13:42:28.981 | SUCCESS  | booking.spiders.PriceSpider:parse_graphql_response:160 - Scraped 789 results from search pages
[2024-10-16T13:47:11.032+0000] {subprocess.py:93} INFO - 2024-10-16 13:47:11.032 | SUCCESS  | booking.spiders.PriceSpider:parse_graphql_response:160 - Scraped 814 results from search pages
[2024-10-16T13:47:11.050+0000] {subprocess.py:93} INFO - 2024-10-16 13:47:11.049 | SUCCESS  | booking.spiders.PriceSpider:parse_graphql_response:160 - Scraped 840 results from search pages
[2024-10-16T13:47:12.843+0000] {subprocess.py:93} INFO - 2024-10-16 13:47:12.843 | SUCCESS  | booking.spiders.PriceSpider:parse_graphql_response:160 - Scraped 866 results from search pages
[2024-10-16T13:47:23.291+0000] {subprocess.py:93} INFO - 2024-10-16 13:47:23.291 | SUCCESS  | booking.spiders.PriceSpider:parse_graphql_response:160 - Scraped 891 results from search pages
[2024-10-16T13:47:25.205+0000] {subprocess.py:93} INFO - 2024-10-16 13:47:25.205 | SUCCESS  | booking.spiders.PriceSpider:parse_graphql_response:160 - Scraped 916 results from search pages
[2024-10-16T13:47:25.214+0000] {subprocess.py:93} INFO - 2024-10-16 13:47:25.214 | SUCCESS  | booking.spiders.PriceSpider:parse_graphql_response:160 - Scraped 942 results from search pages
[2024-10-16T13:47:25.480+0000] {subprocess.py:93} INFO - 2024-10-16 13:47:25.480 | SUCCESS  | booking.spiders.PriceSpider:parse_graphql_response:160 - Scraped 967 results from search pages
[2024-10-16T13:47:26.077+0000] {subprocess.py:93} INFO - 2024-10-16 13:47:26.077 | SUCCESS  | booking.spiders.PriceSpider:parse_graphql_response:160 - Scraped 993 results from search pages
[2024-10-16T13:47:26.788+0000] {subprocess.py:93} INFO - 2024-10-16 13:47:26.788 | SUCCESS  | booking.spiders.PriceSpider:parse_graphql_response:160 - Scraped 1018 results from search pages
[2024-10-16T13:47:26.924+0000] {subprocess.py:93} INFO - 2024-10-16 13:47:26.924 | SUCCESS  | booking.spiders.PriceSpider:parse_graphql_response:160 - Scraped 1043 results from search pages
[2024-10-16T13:47:27.146+0000] {subprocess.py:93} INFO - 2024-10-16 13:47:27.146 | SUCCESS  | booking.spiders.PriceSpider:parse_graphql_response:160 - Scraped 1069 results from search pages
[2024-10-16T13:47:27.479+0000] {subprocess.py:93} INFO - 2024-10-16 13:47:27.479 | SUCCESS  | booking.spiders.PriceSpider:parse_graphql_response:160 - Scraped 1094 results from search pages
[2024-10-16T13:47:27.679+0000] {subprocess.py:93} INFO - 2024-10-16 13:47:27.679 | SUCCESS  | booking.spiders.PriceSpider:parse_graphql_response:160 - Scraped 1119 results from search pages
[2024-10-16T13:47:28.001+0000] {subprocess.py:93} INFO - 2024-10-16 13:47:28.001 | SUCCESS  | booking.spiders.PriceSpider:parse_graphql_response:160 - Scraped 1145 results from search pages
[2024-10-16T13:50:42.275+0000] {subprocess.py:93} INFO - 2024-10-16 13:50:42.274 | SUCCESS  | booking.spiders.PriceSpider:parse_graphql_response:160 - Scraped 1171 results from search pages
[2024-10-16T13:50:42.359+0000] {subprocess.py:93} INFO - 2024-10-16 13:50:42.358 | SUCCESS  | booking.spiders.PriceSpider:parse_graphql_response:160 - Scraped 1197 results from search pages
[2024-10-16T13:50:43.131+0000] {subprocess.py:93} INFO - 2024-10-16 13:50:43.130 | SUCCESS  | booking.spiders.PriceSpider:parse_graphql_response:160 - Scraped 1222 results from search pages
[2024-10-16T13:50:43.633+0000] {subprocess.py:93} INFO - 2024-10-16 13:50:43.632 | SUCCESS  | booking.spiders.PriceSpider:parse_graphql_response:160 - Scraped 1247 results from search pages
[2024-10-16T13:50:43.771+0000] {subprocess.py:93} INFO - 2024-10-16 13:50:43.771 | SUCCESS  | booking.spiders.PriceSpider:parse_graphql_response:160 - Scraped 1273 results from search pages
[2024-10-16T13:50:43.813+0000] {subprocess.py:93} INFO - 2024-10-16 13:50:43.812 | SUCCESS  | booking.spiders.PriceSpider:parse_graphql_response:160 - Scraped 1299 results from search pages
[2024-10-16T13:50:43.859+0000] {subprocess.py:93} INFO - 2024-10-16 13:50:43.858 | SUCCESS  | booking.spiders.PriceSpider:parse_graphql_response:160 - Scraped 1325 results from search pages
[2024-10-16T13:53:07.881+0000] {subprocess.py:93} INFO - 2024-10-16 13:53:07.880 | SUCCESS  | booking.spiders.PriceSpider:parse_graphql_response:160 - Scraped 1350 results from search pages
[2024-10-16T13:53:08.028+0000] {subprocess.py:93} INFO - 2024-10-16 13:53:08.027 | SUCCESS  | booking.spiders.PriceSpider:parse_graphql_response:160 - Scraped 1376 results from search pages
[2024-10-16T13:53:08.727+0000] {subprocess.py:93} INFO - 2024-10-16 13:53:08.727 | SUCCESS  | booking.spiders.PriceSpider:parse_graphql_response:160 - Scraped 1402 results from search pages
[2024-10-16T13:53:08.760+0000] {subprocess.py:93} INFO - 2024-10-16 13:53:08.759 | SUCCESS  | booking.spiders.PriceSpider:parse_graphql_response:160 - Scraped 1427 results from search pages
[2024-10-16T13:53:08.967+0000] {subprocess.py:93} INFO - 2024-10-16 13:53:08.967 | SUCCESS  | booking.spiders.PriceSpider:parse_graphql_response:160 - Scraped 1453 results from search pages
[2024-10-16T13:53:09.097+0000] {subprocess.py:93} INFO - 2024-10-16 13:53:09.097 | SUCCESS  | booking.spiders.PriceSpider:parse_graphql_response:160 - Scraped 1478 results from search pages
[2024-10-16T13:53:10.049+0000] {subprocess.py:93} INFO - 2024-10-16 13:53:10.049 | SUCCESS  | booking.spiders.PriceSpider:parse_graphql_response:160 - Scraped 1503 results from search pages
[2024-10-16T13:53:12.075+0000] {subprocess.py:93} INFO - 2024-10-16 13:53:12.075 | SUCCESS  | booking.spiders.PriceSpider:parse_graphql_response:160 - Scraped 1529 results from search pages
[2024-10-16T13:53:35.788+0000] {local_task_job_runner.py:127} ERROR - Received SIGTERM. Terminating subprocesses
[2024-10-16T13:53:35.797+0000] {process_utils.py:132} INFO - Sending 15 to group 474. PIDs of all processes in the group: [479, 474]
[2024-10-16T13:53:35.797+0000] {process_utils.py:87} INFO - Sending the signal 15 to group 474
[2024-10-16T13:53:35.802+0000] {taskinstance.py:3092} ERROR - Received SIGTERM. Terminating subprocesses.
[2024-10-16T13:53:35.805+0000] {subprocess.py:104} INFO - Sending SIGTERM signal to process group
[2024-10-16T13:53:35.825+0000] {taskinstance.py:3310} ERROR - Task failed with exception
Traceback (most recent call last):
  File "/home/airflow/.local/lib/python3.12/site-packages/airflow/models/taskinstance.py", line 767, in _execute_task
    result = _execute_callable(context=context, **execute_callable_kwargs)
             ^^^^^^^^^^^^^^^^^^^^^^^^^^^^^^^^^^^^^^^^^^^^^^^^^^^^^^^^^^^^^
  File "/home/airflow/.local/lib/python3.12/site-packages/airflow/models/taskinstance.py", line 733, in _execute_callable
    return ExecutionCallableRunner(
           ^^^^^^^^^^^^^^^^^^^^^^^^
  File "/home/airflow/.local/lib/python3.12/site-packages/airflow/utils/operator_helpers.py", line 252, in run
    return self.func(*args, **kwargs)
           ^^^^^^^^^^^^^^^^^^^^^^^^^^
  File "/home/airflow/.local/lib/python3.12/site-packages/airflow/models/baseoperator.py", line 406, in wrapper
    return func(self, *args, **kwargs)
           ^^^^^^^^^^^^^^^^^^^^^^^^^^^
  File "/home/airflow/.local/lib/python3.12/site-packages/airflow/operators/bash.py", line 240, in execute
    result = self.subprocess_hook.run_command(
             ^^^^^^^^^^^^^^^^^^^^^^^^^^^^^^^^^
  File "/home/airflow/.local/lib/python3.12/site-packages/airflow/hooks/subprocess.py", line 91, in run_command
    for raw_line in iter(self.sub_process.stdout.readline, b""):
                    ^^^^^^^^^^^^^^^^^^^^^^^^^^^^^^^^^^^^^^^^^^^
  File "/home/airflow/.local/lib/python3.12/site-packages/airflow/models/taskinstance.py", line 3094, in signal_handler
    raise AirflowTaskTerminated("Task received SIGTERM signal")
airflow.exceptions.AirflowTaskTerminated: Task received SIGTERM signal
[2024-10-16T13:53:35.831+0000] {logging_mixin.py:190} INFO - Task instance in failure state
[2024-10-16T13:53:35.832+0000] {logging_mixin.py:190} INFO - Task start:2024-10-16 13:32:23.820376+00:00 end:2024-10-16 13:53:35.830396+00:00 duration:1272.01002
[2024-10-16T13:53:35.832+0000] {logging_mixin.py:190} INFO - Task:<Task(BashOperator): run_price_scrapy> dag:<DAG: booking_scraping_dag> dagrun:<DagRun booking_scraping_dag @ 2024-10-16 13:32:22.688558+00:00: manual__2024-10-16T13:32:22.688558+00:00, state:running, queued_at: 2024-10-16 13:32:22.699334+00:00. externally triggered: True>
[2024-10-16T13:53:35.833+0000] {logging_mixin.py:190} INFO - Failure caused by Task received SIGTERM signal
[2024-10-16T13:53:35.833+0000] {taskinstance.py:1225} INFO - Marking task as FAILED. dag_id=booking_scraping_dag, task_id=run_price_scrapy, run_id=manual__2024-10-16T13:32:22.688558+00:00, execution_date=20241016T133222, start_date=20241016T133223, end_date=20241016T135335
[2024-10-16T13:53:35.872+0000] {logging_mixin.py:190} WARNING - /home/***/.local/lib/python3.12/site-packages/***/utils/email.py:155 RemovedInAirflow3Warning: Fetching SMTP credentials from configuration variables will be deprecated in a future release. Please set credentials using a connection instead.
[2024-10-16T13:53:35.872+0000] {configuration.py:1058} WARNING - section/key [smtp/smtp_user] not found in config
[2024-10-16T13:53:35.873+0000] {email.py:272} INFO - Email alerting: attempt 1
[2024-10-16T13:53:35.883+0000] {configuration.py:1058} WARNING - section/key [smtp/smtp_user] not found in config
[2024-10-16T13:53:35.884+0000] {email.py:272} INFO - Email alerting: attempt 1
[2024-10-16T13:53:35.884+0000] {taskinstance.py:1234} ERROR - Failed to send email to: ['21120576@student.hcmus.edu.vn']
Traceback (most recent call last):
  File "/home/airflow/.local/lib/python3.12/site-packages/airflow/models/taskinstance.py", line 273, in _run_raw_task
    TaskInstance._execute_task_with_callbacks(
  File "/home/airflow/.local/lib/python3.12/site-packages/airflow/models/taskinstance.py", line 3158, in _execute_task_with_callbacks
    result = self._execute_task(context, task_orig)
             ^^^^^^^^^^^^^^^^^^^^^^^^^^^^^^^^^^^^^^
  File "/home/airflow/.local/lib/python3.12/site-packages/airflow/models/taskinstance.py", line 3182, in _execute_task
    return _execute_task(self, context, task_orig)
           ^^^^^^^^^^^^^^^^^^^^^^^^^^^^^^^^^^^^^^^
  File "/home/airflow/.local/lib/python3.12/site-packages/airflow/models/taskinstance.py", line 767, in _execute_task
    result = _execute_callable(context=context, **execute_callable_kwargs)
             ^^^^^^^^^^^^^^^^^^^^^^^^^^^^^^^^^^^^^^^^^^^^^^^^^^^^^^^^^^^^^
  File "/home/airflow/.local/lib/python3.12/site-packages/airflow/models/taskinstance.py", line 733, in _execute_callable
    return ExecutionCallableRunner(
           ^^^^^^^^^^^^^^^^^^^^^^^^
  File "/home/airflow/.local/lib/python3.12/site-packages/airflow/utils/operator_helpers.py", line 252, in run
    return self.func(*args, **kwargs)
           ^^^^^^^^^^^^^^^^^^^^^^^^^^
  File "/home/airflow/.local/lib/python3.12/site-packages/airflow/models/baseoperator.py", line 406, in wrapper
    return func(self, *args, **kwargs)
           ^^^^^^^^^^^^^^^^^^^^^^^^^^^
  File "/home/airflow/.local/lib/python3.12/site-packages/airflow/operators/bash.py", line 240, in execute
    result = self.subprocess_hook.run_command(
             ^^^^^^^^^^^^^^^^^^^^^^^^^^^^^^^^^
  File "/home/airflow/.local/lib/python3.12/site-packages/airflow/hooks/subprocess.py", line 91, in run_command
    for raw_line in iter(self.sub_process.stdout.readline, b""):
                    ^^^^^^^^^^^^^^^^^^^^^^^^^^^^^^^^^^^^^^^^^^^
  File "/home/airflow/.local/lib/python3.12/site-packages/airflow/models/taskinstance.py", line 3094, in signal_handler
    raise AirflowTaskTerminated("Task received SIGTERM signal")
airflow.exceptions.AirflowTaskTerminated: Task received SIGTERM signal

During handling of the above exception, another exception occurred:

Traceback (most recent call last):
  File "/home/airflow/.local/lib/python3.12/site-packages/airflow/models/taskinstance.py", line 1442, in _email_alert
    send_email(task.email, subject, html_content)
  File "/home/airflow/.local/lib/python3.12/site-packages/airflow/utils/email.py", line 80, in send_email
    return backend(
           ^^^^^^^^
  File "/home/airflow/.local/lib/python3.12/site-packages/airflow/utils/email.py", line 155, in send_email_smtp
    send_mime_email(e_from=mail_from, e_to=recipients, mime_msg=msg, conn_id=conn_id, dryrun=dryrun)
  File "/home/airflow/.local/lib/python3.12/site-packages/airflow/utils/email.py", line 274, in send_mime_email
    smtp_conn = _get_smtp_connection(smtp_host, smtp_port, smtp_timeout, smtp_ssl)
                ^^^^^^^^^^^^^^^^^^^^^^^^^^^^^^^^^^^^^^^^^^^^^^^^^^^^^^^^^^^^^^^^^^
  File "/home/airflow/.local/lib/python3.12/site-packages/airflow/utils/email.py", line 318, in _get_smtp_connection
    return smtplib.SMTP(host=host, port=port, timeout=timeout)
           ^^^^^^^^^^^^^^^^^^^^^^^^^^^^^^^^^^^^^^^^^^^^^^^^^^^
  File "/usr/local/lib/python3.12/smtplib.py", line 255, in __init__
    (code, msg) = self.connect(host, port)
                  ^^^^^^^^^^^^^^^^^^^^^^^^
  File "/usr/local/lib/python3.12/smtplib.py", line 341, in connect
    self.sock = self._get_socket(host, port, self.timeout)
                ^^^^^^^^^^^^^^^^^^^^^^^^^^^^^^^^^^^^^^^^^^
  File "/usr/local/lib/python3.12/smtplib.py", line 312, in _get_socket
    return socket.create_connection((host, port), timeout,
           ^^^^^^^^^^^^^^^^^^^^^^^^^^^^^^^^^^^^^^^^^^^^^^^
  File "/usr/local/lib/python3.12/socket.py", line 865, in create_connection
    raise exceptions[0]
  File "/usr/local/lib/python3.12/socket.py", line 850, in create_connection
    sock.connect(sa)
ConnectionRefusedError: [Errno 111] Connection refused

During handling of the above exception, another exception occurred:

Traceback (most recent call last):
  File "/home/airflow/.local/lib/python3.12/site-packages/airflow/models/taskinstance.py", line 1232, in _handle_failure
    task_instance.email_alert(error, failure_context["task"])
  File "/home/airflow/.local/lib/python3.12/site-packages/airflow/models/taskinstance.py", line 3604, in email_alert
    _email_alert(task_instance=self, exception=exception, task=task)
  File "/home/airflow/.local/lib/python3.12/site-packages/airflow/models/taskinstance.py", line 1444, in _email_alert
    send_email(task.email, subject, html_content_err)
  File "/home/airflow/.local/lib/python3.12/site-packages/airflow/utils/email.py", line 80, in send_email
    return backend(
           ^^^^^^^^
  File "/home/airflow/.local/lib/python3.12/site-packages/airflow/utils/email.py", line 155, in send_email_smtp
    send_mime_email(e_from=mail_from, e_to=recipients, mime_msg=msg, conn_id=conn_id, dryrun=dryrun)
  File "/home/airflow/.local/lib/python3.12/site-packages/airflow/utils/email.py", line 274, in send_mime_email
    smtp_conn = _get_smtp_connection(smtp_host, smtp_port, smtp_timeout, smtp_ssl)
                ^^^^^^^^^^^^^^^^^^^^^^^^^^^^^^^^^^^^^^^^^^^^^^^^^^^^^^^^^^^^^^^^^^
  File "/home/airflow/.local/lib/python3.12/site-packages/airflow/utils/email.py", line 318, in _get_smtp_connection
    return smtplib.SMTP(host=host, port=port, timeout=timeout)
           ^^^^^^^^^^^^^^^^^^^^^^^^^^^^^^^^^^^^^^^^^^^^^^^^^^^
  File "/usr/local/lib/python3.12/smtplib.py", line 255, in __init__
    (code, msg) = self.connect(host, port)
                  ^^^^^^^^^^^^^^^^^^^^^^^^
  File "/usr/local/lib/python3.12/smtplib.py", line 341, in connect
    self.sock = self._get_socket(host, port, self.timeout)
                ^^^^^^^^^^^^^^^^^^^^^^^^^^^^^^^^^^^^^^^^^^
  File "/usr/local/lib/python3.12/smtplib.py", line 312, in _get_socket
    return socket.create_connection((host, port), timeout,
           ^^^^^^^^^^^^^^^^^^^^^^^^^^^^^^^^^^^^^^^^^^^^^^^
  File "/usr/local/lib/python3.12/socket.py", line 865, in create_connection
    raise exceptions[0]
  File "/usr/local/lib/python3.12/socket.py", line 850, in create_connection
    sock.connect(sa)
ConnectionRefusedError: [Errno 111] Connection refused
[2024-10-16T13:53:35.906+0000] {taskinstance.py:340} INFO - ::group::Post task execution logs
[2024-10-16T13:53:36.318+0000] {process_utils.py:80} INFO - Process psutil.Process(pid=474, status='terminated', exitcode=2, started='13:32:23') (474) terminated with exit code 2
