[2024-10-16T13:32:12.971+0000] {local_task_job_runner.py:123} INFO - ::group::Pre task execution logs
[2024-10-16T13:32:12.980+0000] {taskinstance.py:2612} INFO - Dependencies all met for dep_context=non-requeueable deps ti=<TaskInstance: booking_scraping_dag.run_price_scrapy manual__2024-10-16T13:32:12.314391+00:00 [queued]>
[2024-10-16T13:32:12.985+0000] {taskinstance.py:2612} INFO - Dependencies all met for dep_context=requeueable deps ti=<TaskInstance: booking_scraping_dag.run_price_scrapy manual__2024-10-16T13:32:12.314391+00:00 [queued]>
[2024-10-16T13:32:12.985+0000] {taskinstance.py:2865} INFO - Starting attempt 1 of 1
[2024-10-16T13:32:12.992+0000] {taskinstance.py:2888} INFO - Executing <Task(BashOperator): run_price_scrapy> on 2024-10-16 13:32:12.314391+00:00
[2024-10-16T13:32:12.997+0000] {standard_task_runner.py:104} INFO - Running: ['***', 'tasks', 'run', 'booking_scraping_dag', 'run_price_scrapy', 'manual__2024-10-16T13:32:12.314391+00:00', '--job-id', '74', '--raw', '--subdir', 'DAGS_FOLDER/booking_dag.py', '--cfg-path', '/tmp/tmps37sepvt']
[2024-10-16T13:32:12.998+0000] {standard_task_runner.py:105} INFO - Job 74: Subtask run_price_scrapy
[2024-10-16T13:32:12.998+0000] {logging_mixin.py:190} WARNING - /home/***/.local/lib/python3.12/site-packages/***/task/task_runner/standard_task_runner.py:70 DeprecationWarning: This process (pid=461) is multi-threaded, use of fork() may lead to deadlocks in the child.
[2024-10-16T13:32:12.999+0000] {standard_task_runner.py:72} INFO - Started process 462 to run task
[2024-10-16T13:32:13.021+0000] {task_command.py:467} INFO - Running <TaskInstance: booking_scraping_dag.run_price_scrapy manual__2024-10-16T13:32:12.314391+00:00 [running]> on host 45f4dfcb0066
[2024-10-16T13:32:13.062+0000] {taskinstance.py:3131} INFO - Exporting env vars: AIRFLOW_CTX_DAG_EMAIL='21120576@student.hcmus.edu.vn' AIRFLOW_CTX_DAG_OWNER='cheep' AIRFLOW_CTX_DAG_ID='booking_scraping_dag' AIRFLOW_CTX_TASK_ID='run_price_scrapy' AIRFLOW_CTX_EXECUTION_DATE='2024-10-16T13:32:12.314391+00:00' AIRFLOW_CTX_TRY_NUMBER='1' AIRFLOW_CTX_DAG_RUN_ID='manual__2024-10-16T13:32:12.314391+00:00'
[2024-10-16T13:32:13.063+0000] {logging_mixin.py:190} INFO - Task instance is in running state
[2024-10-16T13:32:13.063+0000] {logging_mixin.py:190} INFO -  Previous state of the Task instance: queued
[2024-10-16T13:32:13.063+0000] {logging_mixin.py:190} INFO - Current task name:run_price_scrapy state:running start_date:2024-10-16 13:32:12.980590+00:00
[2024-10-16T13:32:13.064+0000] {logging_mixin.py:190} INFO - Dag name:booking_scraping_dag and current dag run status:running
[2024-10-16T13:32:13.064+0000] {taskinstance.py:731} INFO - ::endgroup::
[2024-10-16T13:32:13.064+0000] {subprocess.py:63} INFO - Tmp dir root location: /tmp
[2024-10-16T13:32:13.065+0000] {subprocess.py:75} INFO - Running command: ['/usr/bin/bash', '-c', 'cd /opt/***/booking && scrapy crawl price']
[2024-10-16T13:32:13.070+0000] {subprocess.py:86} INFO - Output:
[2024-10-16T13:32:25.157+0000] {subprocess.py:93} INFO - 2024-10-16 13:32:25.157 | SUCCESS  | booking.spiders.PriceSpider:parse_graphql_response:160 - Scraped 25 results from search pages
[2024-10-16T13:32:25.487+0000] {subprocess.py:93} INFO - 2024-10-16 13:32:25.487 | SUCCESS  | booking.spiders.PriceSpider:parse_graphql_response:160 - Scraped 50 results from search pages
[2024-10-16T13:32:25.494+0000] {subprocess.py:93} INFO - 2024-10-16 13:32:25.494 | SUCCESS  | booking.spiders.PriceSpider:parse_graphql_response:160 - Scraped 75 results from search pages
[2024-10-16T13:32:25.655+0000] {subprocess.py:93} INFO - 2024-10-16 13:32:25.655 | SUCCESS  | booking.spiders.PriceSpider:parse_graphql_response:160 - Scraped 100 results from search pages
[2024-10-16T13:32:26.747+0000] {subprocess.py:93} INFO - 2024-10-16 13:32:26.747 | SUCCESS  | booking.spiders.PriceSpider:parse_graphql_response:160 - Scraped 126 results from search pages
[2024-10-16T13:32:26.825+0000] {subprocess.py:93} INFO - 2024-10-16 13:32:26.825 | SUCCESS  | booking.spiders.PriceSpider:parse_graphql_response:160 - Scraped 151 results from search pages
[2024-10-16T13:32:26.958+0000] {subprocess.py:93} INFO - 2024-10-16 13:32:26.958 | SUCCESS  | booking.spiders.PriceSpider:parse_graphql_response:160 - Scraped 176 results from search pages
[2024-10-16T13:32:26.979+0000] {subprocess.py:93} INFO - 2024-10-16 13:32:26.979 | SUCCESS  | booking.spiders.PriceSpider:parse_graphql_response:160 - Scraped 202 results from search pages
[2024-10-16T13:32:27.564+0000] {subprocess.py:93} INFO - 2024-10-16 13:32:27.564 | SUCCESS  | booking.spiders.PriceSpider:parse_graphql_response:160 - Scraped 227 results from search pages
[2024-10-16T13:32:28.064+0000] {subprocess.py:93} INFO - 2024-10-16 13:32:28.064 | SUCCESS  | booking.spiders.PriceSpider:parse_graphql_response:160 - Scraped 252 results from search pages
[2024-10-16T13:32:28.268+0000] {subprocess.py:93} INFO - 2024-10-16 13:32:28.268 | SUCCESS  | booking.spiders.PriceSpider:parse_graphql_response:160 - Scraped 277 results from search pages
[2024-10-16T13:32:28.438+0000] {subprocess.py:93} INFO - 2024-10-16 13:32:28.437 | SUCCESS  | booking.spiders.PriceSpider:parse_graphql_response:160 - Scraped 302 results from search pages
[2024-10-16T13:32:28.822+0000] {subprocess.py:93} INFO - 2024-10-16 13:32:28.822 | SUCCESS  | booking.spiders.PriceSpider:parse_graphql_response:160 - Scraped 327 results from search pages
[2024-10-16T13:32:29.067+0000] {subprocess.py:93} INFO - 2024-10-16 13:32:29.067 | SUCCESS  | booking.spiders.PriceSpider:parse_graphql_response:160 - Scraped 352 results from search pages
[2024-10-16T13:32:29.744+0000] {subprocess.py:93} INFO - 2024-10-16 13:32:29.744 | SUCCESS  | booking.spiders.PriceSpider:parse_graphql_response:160 - Scraped 377 results from search pages
[2024-10-16T13:37:41.861+0000] {subprocess.py:93} INFO - 2024-10-16 13:37:41.861 | SUCCESS  | booking.spiders.PriceSpider:parse_graphql_response:160 - Scraped 403 results from search pages
[2024-10-16T13:37:42.142+0000] {subprocess.py:93} INFO - 2024-10-16 13:37:42.142 | SUCCESS  | booking.spiders.PriceSpider:parse_graphql_response:160 - Scraped 428 results from search pages
[2024-10-16T13:39:27.665+0000] {subprocess.py:93} INFO - 2024-10-16 13:39:27.665 | SUCCESS  | booking.spiders.PriceSpider:parse_graphql_response:160 - Scraped 454 results from search pages
[2024-10-16T13:39:27.728+0000] {subprocess.py:93} INFO - 2024-10-16 13:39:27.728 | SUCCESS  | booking.spiders.PriceSpider:parse_graphql_response:160 - Scraped 479 results from search pages
[2024-10-16T13:41:10.286+0000] {subprocess.py:93} INFO - 2024-10-16 13:41:10.285 | SUCCESS  | booking.spiders.PriceSpider:parse_graphql_response:160 - Scraped 505 results from search pages
[2024-10-16T13:41:10.594+0000] {subprocess.py:93} INFO - 2024-10-16 13:41:10.594 | SUCCESS  | booking.spiders.PriceSpider:parse_graphql_response:160 - Scraped 531 results from search pages
[2024-10-16T13:41:12.872+0000] {subprocess.py:93} INFO - 2024-10-16 13:41:12.871 | SUCCESS  | booking.spiders.PriceSpider:parse_graphql_response:160 - Scraped 556 results from search pages
[2024-10-16T13:41:13.007+0000] {subprocess.py:93} INFO - 2024-10-16 13:41:13.007 | SUCCESS  | booking.spiders.PriceSpider:parse_graphql_response:160 - Scraped 581 results from search pages
[2024-10-16T13:41:13.231+0000] {subprocess.py:93} INFO - 2024-10-16 13:41:13.231 | SUCCESS  | booking.spiders.PriceSpider:parse_graphql_response:160 - Scraped 607 results from search pages
[2024-10-16T13:41:14.742+0000] {subprocess.py:93} INFO - 2024-10-16 13:41:14.742 | SUCCESS  | booking.spiders.PriceSpider:parse_graphql_response:160 - Scraped 633 results from search pages
[2024-10-16T13:41:15.208+0000] {subprocess.py:93} INFO - 2024-10-16 13:41:15.208 | SUCCESS  | booking.spiders.PriceSpider:parse_graphql_response:160 - Scraped 658 results from search pages
[2024-10-16T13:41:15.574+0000] {subprocess.py:93} INFO - 2024-10-16 13:41:15.574 | SUCCESS  | booking.spiders.PriceSpider:parse_graphql_response:160 - Scraped 684 results from search pages
[2024-10-16T13:41:16.323+0000] {subprocess.py:93} INFO - 2024-10-16 13:41:16.323 | SUCCESS  | booking.spiders.PriceSpider:parse_graphql_response:160 - Scraped 710 results from search pages
[2024-10-16T13:41:17.385+0000] {subprocess.py:93} INFO - 2024-10-16 13:41:17.384 | SUCCESS  | booking.spiders.PriceSpider:parse_graphql_response:160 - Scraped 735 results from search pages
[2024-10-16T13:41:17.869+0000] {subprocess.py:93} INFO - 2024-10-16 13:41:17.869 | SUCCESS  | booking.spiders.PriceSpider:parse_graphql_response:160 - Scraped 761 results from search pages
[2024-10-16T13:46:23.163+0000] {subprocess.py:93} INFO - 2024-10-16 13:46:23.162 | SUCCESS  | booking.spiders.PriceSpider:parse_graphql_response:160 - Scraped 787 results from search pages
[2024-10-16T13:46:24.385+0000] {subprocess.py:93} INFO - 2024-10-16 13:46:24.385 | SUCCESS  | booking.spiders.PriceSpider:parse_graphql_response:160 - Scraped 813 results from search pages
[2024-10-16T13:46:25.077+0000] {subprocess.py:93} INFO - 2024-10-16 13:46:25.077 | SUCCESS  | booking.spiders.PriceSpider:parse_graphql_response:160 - Scraped 839 results from search pages
[2024-10-16T13:46:25.344+0000] {subprocess.py:93} INFO - 2024-10-16 13:46:25.344 | SUCCESS  | booking.spiders.PriceSpider:parse_graphql_response:160 - Scraped 864 results from search pages
[2024-10-16T13:46:25.977+0000] {subprocess.py:93} INFO - 2024-10-16 13:46:25.977 | SUCCESS  | booking.spiders.PriceSpider:parse_graphql_response:160 - Scraped 890 results from search pages
[2024-10-16T13:46:27.177+0000] {subprocess.py:93} INFO - 2024-10-16 13:46:27.177 | SUCCESS  | booking.spiders.PriceSpider:parse_graphql_response:160 - Scraped 916 results from search pages
[2024-10-16T13:46:38.524+0000] {subprocess.py:93} INFO - 2024-10-16 13:46:38.524 | SUCCESS  | booking.spiders.PriceSpider:parse_graphql_response:160 - Scraped 942 results from search pages
[2024-10-16T13:46:39.015+0000] {subprocess.py:93} INFO - 2024-10-16 13:46:39.015 | SUCCESS  | booking.spiders.PriceSpider:parse_graphql_response:160 - Scraped 967 results from search pages
[2024-10-16T13:46:39.333+0000] {subprocess.py:93} INFO - 2024-10-16 13:46:39.332 | SUCCESS  | booking.spiders.PriceSpider:parse_graphql_response:160 - Scraped 992 results from search pages
[2024-10-16T13:46:39.732+0000] {subprocess.py:93} INFO - 2024-10-16 13:46:39.732 | SUCCESS  | booking.spiders.PriceSpider:parse_graphql_response:160 - Scraped 1017 results from search pages
[2024-10-16T13:46:40.809+0000] {subprocess.py:93} INFO - 2024-10-16 13:46:40.808 | SUCCESS  | booking.spiders.PriceSpider:parse_graphql_response:160 - Scraped 1042 results from search pages
[2024-10-16T13:46:41.205+0000] {subprocess.py:93} INFO - 2024-10-16 13:46:41.204 | SUCCESS  | booking.spiders.PriceSpider:parse_graphql_response:160 - Scraped 1067 results from search pages
[2024-10-16T13:46:41.470+0000] {subprocess.py:93} INFO - 2024-10-16 13:46:41.470 | SUCCESS  | booking.spiders.PriceSpider:parse_graphql_response:160 - Scraped 1093 results from search pages
[2024-10-16T13:46:41.658+0000] {subprocess.py:93} INFO - 2024-10-16 13:46:41.658 | SUCCESS  | booking.spiders.PriceSpider:parse_graphql_response:160 - Scraped 1119 results from search pages
[2024-10-16T13:46:41.668+0000] {subprocess.py:93} INFO - 2024-10-16 13:46:41.668 | SUCCESS  | booking.spiders.PriceSpider:parse_graphql_response:160 - Scraped 1145 results from search pages
[2024-10-16T13:46:42.645+0000] {subprocess.py:93} INFO - 2024-10-16 13:46:42.645 | SUCCESS  | booking.spiders.PriceSpider:parse_graphql_response:160 - Scraped 1171 results from search pages
[2024-10-16T13:46:42.954+0000] {subprocess.py:93} INFO - 2024-10-16 13:46:42.954 | SUCCESS  | booking.spiders.PriceSpider:parse_graphql_response:160 - Scraped 1196 results from search pages
[2024-10-16T13:46:42.996+0000] {subprocess.py:93} INFO - 2024-10-16 13:46:42.996 | SUCCESS  | booking.spiders.PriceSpider:parse_graphql_response:160 - Scraped 1222 results from search pages
[2024-10-16T13:51:53.227+0000] {subprocess.py:93} INFO - 2024-10-16 13:51:53.227 | SUCCESS  | booking.spiders.PriceSpider:parse_graphql_response:160 - Scraped 1247 results from search pages
[2024-10-16T13:51:53.405+0000] {subprocess.py:93} INFO - 2024-10-16 13:51:53.405 | SUCCESS  | booking.spiders.PriceSpider:parse_graphql_response:160 - Scraped 1273 results from search pages
[2024-10-16T13:51:53.429+0000] {subprocess.py:93} INFO - 2024-10-16 13:51:53.429 | SUCCESS  | booking.spiders.PriceSpider:parse_graphql_response:160 - Scraped 1299 results from search pages
[2024-10-16T13:51:53.551+0000] {subprocess.py:93} INFO - 2024-10-16 13:51:53.551 | SUCCESS  | booking.spiders.PriceSpider:parse_graphql_response:160 - Scraped 1324 results from search pages
[2024-10-16T13:51:53.822+0000] {subprocess.py:93} INFO - 2024-10-16 13:51:53.822 | SUCCESS  | booking.spiders.PriceSpider:parse_graphql_response:160 - Scraped 1350 results from search pages
[2024-10-16T13:51:54.299+0000] {subprocess.py:93} INFO - 2024-10-16 13:51:54.298 | SUCCESS  | booking.spiders.PriceSpider:parse_graphql_response:160 - Scraped 1375 results from search pages
[2024-10-16T13:51:54.683+0000] {subprocess.py:93} INFO - 2024-10-16 13:51:54.683 | SUCCESS  | booking.spiders.PriceSpider:parse_graphql_response:160 - Scraped 1400 results from search pages
[2024-10-16T13:51:54.801+0000] {subprocess.py:93} INFO - 2024-10-16 13:51:54.801 | SUCCESS  | booking.spiders.PriceSpider:parse_graphql_response:160 - Scraped 1426 results from search pages
[2024-10-16T13:51:54.813+0000] {subprocess.py:93} INFO - 2024-10-16 13:51:54.812 | SUCCESS  | booking.spiders.PriceSpider:parse_graphql_response:160 - Scraped 1452 results from search pages
[2024-10-16T13:51:55.008+0000] {subprocess.py:93} INFO - 2024-10-16 13:51:55.008 | SUCCESS  | booking.spiders.PriceSpider:parse_graphql_response:160 - Scraped 1477 results from search pages
[2024-10-16T13:53:35.794+0000] {local_task_job_runner.py:127} ERROR - Received SIGTERM. Terminating subprocesses
[2024-10-16T13:53:35.799+0000] {process_utils.py:132} INFO - Sending 15 to group 462. PIDs of all processes in the group: [466, 462]
[2024-10-16T13:53:35.799+0000] {process_utils.py:87} INFO - Sending the signal 15 to group 462
[2024-10-16T13:53:35.800+0000] {taskinstance.py:3092} ERROR - Received SIGTERM. Terminating subprocesses.
[2024-10-16T13:53:35.805+0000] {subprocess.py:104} INFO - Sending SIGTERM signal to process group
[2024-10-16T13:53:35.829+0000] {taskinstance.py:3310} ERROR - Task failed with exception
Traceback (most recent call last):
  File "/home/airflow/.local/lib/python3.12/site-packages/airflow/models/taskinstance.py", line 767, in _execute_task
    result = _execute_callable(context=context, **execute_callable_kwargs)
             ^^^^^^^^^^^^^^^^^^^^^^^^^^^^^^^^^^^^^^^^^^^^^^^^^^^^^^^^^^^^^
  File "/home/airflow/.local/lib/python3.12/site-packages/airflow/models/taskinstance.py", line 733, in _execute_callable
    return ExecutionCallableRunner(
           ^^^^^^^^^^^^^^^^^^^^^^^^
  File "/home/airflow/.local/lib/python3.12/site-packages/airflow/utils/operator_helpers.py", line 252, in run
    return self.func(*args, **kwargs)
           ^^^^^^^^^^^^^^^^^^^^^^^^^^
  File "/home/airflow/.local/lib/python3.12/site-packages/airflow/models/baseoperator.py", line 406, in wrapper
    return func(self, *args, **kwargs)
           ^^^^^^^^^^^^^^^^^^^^^^^^^^^
  File "/home/airflow/.local/lib/python3.12/site-packages/airflow/operators/bash.py", line 240, in execute
    result = self.subprocess_hook.run_command(
             ^^^^^^^^^^^^^^^^^^^^^^^^^^^^^^^^^
  File "/home/airflow/.local/lib/python3.12/site-packages/airflow/hooks/subprocess.py", line 91, in run_command
    for raw_line in iter(self.sub_process.stdout.readline, b""):
                    ^^^^^^^^^^^^^^^^^^^^^^^^^^^^^^^^^^^^^^^^^^^
  File "/home/airflow/.local/lib/python3.12/site-packages/airflow/models/taskinstance.py", line 3094, in signal_handler
    raise AirflowTaskTerminated("Task received SIGTERM signal")
airflow.exceptions.AirflowTaskTerminated: Task received SIGTERM signal
[2024-10-16T13:53:35.835+0000] {logging_mixin.py:190} INFO - Task instance in failure state
[2024-10-16T13:53:35.835+0000] {logging_mixin.py:190} INFO - Task start:2024-10-16 13:32:12.980590+00:00 end:2024-10-16 13:53:35.833659+00:00 duration:1282.853069
[2024-10-16T13:53:35.837+0000] {logging_mixin.py:190} INFO - Task:<Task(BashOperator): run_price_scrapy> dag:<DAG: booking_scraping_dag> dagrun:<DagRun booking_scraping_dag @ 2024-10-16 13:32:12.314391+00:00: manual__2024-10-16T13:32:12.314391+00:00, state:running, queued_at: 2024-10-16 13:32:12.331534+00:00. externally triggered: True>
[2024-10-16T13:53:35.838+0000] {logging_mixin.py:190} INFO - Failure caused by Task received SIGTERM signal
[2024-10-16T13:53:35.839+0000] {taskinstance.py:1225} INFO - Marking task as FAILED. dag_id=booking_scraping_dag, task_id=run_price_scrapy, run_id=manual__2024-10-16T13:32:12.314391+00:00, execution_date=20241016T133212, start_date=20241016T133212, end_date=20241016T135335
[2024-10-16T13:53:35.873+0000] {logging_mixin.py:190} WARNING - /home/***/.local/lib/python3.12/site-packages/***/utils/email.py:155 RemovedInAirflow3Warning: Fetching SMTP credentials from configuration variables will be deprecated in a future release. Please set credentials using a connection instead.
[2024-10-16T13:53:35.875+0000] {configuration.py:1058} WARNING - section/key [smtp/smtp_user] not found in config
[2024-10-16T13:53:35.876+0000] {email.py:272} INFO - Email alerting: attempt 1
[2024-10-16T13:53:35.890+0000] {configuration.py:1058} WARNING - section/key [smtp/smtp_user] not found in config
[2024-10-16T13:53:35.891+0000] {email.py:272} INFO - Email alerting: attempt 1
[2024-10-16T13:53:35.893+0000] {taskinstance.py:1234} ERROR - Failed to send email to: ['21120576@student.hcmus.edu.vn']
Traceback (most recent call last):
  File "/home/airflow/.local/lib/python3.12/site-packages/airflow/models/taskinstance.py", line 273, in _run_raw_task
    TaskInstance._execute_task_with_callbacks(
  File "/home/airflow/.local/lib/python3.12/site-packages/airflow/models/taskinstance.py", line 3158, in _execute_task_with_callbacks
    result = self._execute_task(context, task_orig)
             ^^^^^^^^^^^^^^^^^^^^^^^^^^^^^^^^^^^^^^
  File "/home/airflow/.local/lib/python3.12/site-packages/airflow/models/taskinstance.py", line 3182, in _execute_task
    return _execute_task(self, context, task_orig)
           ^^^^^^^^^^^^^^^^^^^^^^^^^^^^^^^^^^^^^^^
  File "/home/airflow/.local/lib/python3.12/site-packages/airflow/models/taskinstance.py", line 767, in _execute_task
    result = _execute_callable(context=context, **execute_callable_kwargs)
             ^^^^^^^^^^^^^^^^^^^^^^^^^^^^^^^^^^^^^^^^^^^^^^^^^^^^^^^^^^^^^
  File "/home/airflow/.local/lib/python3.12/site-packages/airflow/models/taskinstance.py", line 733, in _execute_callable
    return ExecutionCallableRunner(
           ^^^^^^^^^^^^^^^^^^^^^^^^
  File "/home/airflow/.local/lib/python3.12/site-packages/airflow/utils/operator_helpers.py", line 252, in run
    return self.func(*args, **kwargs)
           ^^^^^^^^^^^^^^^^^^^^^^^^^^
  File "/home/airflow/.local/lib/python3.12/site-packages/airflow/models/baseoperator.py", line 406, in wrapper
    return func(self, *args, **kwargs)
           ^^^^^^^^^^^^^^^^^^^^^^^^^^^
  File "/home/airflow/.local/lib/python3.12/site-packages/airflow/operators/bash.py", line 240, in execute
    result = self.subprocess_hook.run_command(
             ^^^^^^^^^^^^^^^^^^^^^^^^^^^^^^^^^
  File "/home/airflow/.local/lib/python3.12/site-packages/airflow/hooks/subprocess.py", line 91, in run_command
    for raw_line in iter(self.sub_process.stdout.readline, b""):
                    ^^^^^^^^^^^^^^^^^^^^^^^^^^^^^^^^^^^^^^^^^^^
  File "/home/airflow/.local/lib/python3.12/site-packages/airflow/models/taskinstance.py", line 3094, in signal_handler
    raise AirflowTaskTerminated("Task received SIGTERM signal")
airflow.exceptions.AirflowTaskTerminated: Task received SIGTERM signal

During handling of the above exception, another exception occurred:

Traceback (most recent call last):
  File "/home/airflow/.local/lib/python3.12/site-packages/airflow/models/taskinstance.py", line 1442, in _email_alert
    send_email(task.email, subject, html_content)
  File "/home/airflow/.local/lib/python3.12/site-packages/airflow/utils/email.py", line 80, in send_email
    return backend(
           ^^^^^^^^
  File "/home/airflow/.local/lib/python3.12/site-packages/airflow/utils/email.py", line 155, in send_email_smtp
    send_mime_email(e_from=mail_from, e_to=recipients, mime_msg=msg, conn_id=conn_id, dryrun=dryrun)
  File "/home/airflow/.local/lib/python3.12/site-packages/airflow/utils/email.py", line 274, in send_mime_email
    smtp_conn = _get_smtp_connection(smtp_host, smtp_port, smtp_timeout, smtp_ssl)
                ^^^^^^^^^^^^^^^^^^^^^^^^^^^^^^^^^^^^^^^^^^^^^^^^^^^^^^^^^^^^^^^^^^
  File "/home/airflow/.local/lib/python3.12/site-packages/airflow/utils/email.py", line 318, in _get_smtp_connection
    return smtplib.SMTP(host=host, port=port, timeout=timeout)
           ^^^^^^^^^^^^^^^^^^^^^^^^^^^^^^^^^^^^^^^^^^^^^^^^^^^
  File "/usr/local/lib/python3.12/smtplib.py", line 255, in __init__
    (code, msg) = self.connect(host, port)
                  ^^^^^^^^^^^^^^^^^^^^^^^^
  File "/usr/local/lib/python3.12/smtplib.py", line 341, in connect
    self.sock = self._get_socket(host, port, self.timeout)
                ^^^^^^^^^^^^^^^^^^^^^^^^^^^^^^^^^^^^^^^^^^
  File "/usr/local/lib/python3.12/smtplib.py", line 312, in _get_socket
    return socket.create_connection((host, port), timeout,
           ^^^^^^^^^^^^^^^^^^^^^^^^^^^^^^^^^^^^^^^^^^^^^^^
  File "/usr/local/lib/python3.12/socket.py", line 865, in create_connection
    raise exceptions[0]
  File "/usr/local/lib/python3.12/socket.py", line 850, in create_connection
    sock.connect(sa)
ConnectionRefusedError: [Errno 111] Connection refused

During handling of the above exception, another exception occurred:

Traceback (most recent call last):
  File "/home/airflow/.local/lib/python3.12/site-packages/airflow/models/taskinstance.py", line 1232, in _handle_failure
    task_instance.email_alert(error, failure_context["task"])
  File "/home/airflow/.local/lib/python3.12/site-packages/airflow/models/taskinstance.py", line 3604, in email_alert
    _email_alert(task_instance=self, exception=exception, task=task)
  File "/home/airflow/.local/lib/python3.12/site-packages/airflow/models/taskinstance.py", line 1444, in _email_alert
    send_email(task.email, subject, html_content_err)
  File "/home/airflow/.local/lib/python3.12/site-packages/airflow/utils/email.py", line 80, in send_email
    return backend(
           ^^^^^^^^
  File "/home/airflow/.local/lib/python3.12/site-packages/airflow/utils/email.py", line 155, in send_email_smtp
    send_mime_email(e_from=mail_from, e_to=recipients, mime_msg=msg, conn_id=conn_id, dryrun=dryrun)
  File "/home/airflow/.local/lib/python3.12/site-packages/airflow/utils/email.py", line 274, in send_mime_email
    smtp_conn = _get_smtp_connection(smtp_host, smtp_port, smtp_timeout, smtp_ssl)
                ^^^^^^^^^^^^^^^^^^^^^^^^^^^^^^^^^^^^^^^^^^^^^^^^^^^^^^^^^^^^^^^^^^
  File "/home/airflow/.local/lib/python3.12/site-packages/airflow/utils/email.py", line 318, in _get_smtp_connection
    return smtplib.SMTP(host=host, port=port, timeout=timeout)
           ^^^^^^^^^^^^^^^^^^^^^^^^^^^^^^^^^^^^^^^^^^^^^^^^^^^
  File "/usr/local/lib/python3.12/smtplib.py", line 255, in __init__
    (code, msg) = self.connect(host, port)
                  ^^^^^^^^^^^^^^^^^^^^^^^^
  File "/usr/local/lib/python3.12/smtplib.py", line 341, in connect
    self.sock = self._get_socket(host, port, self.timeout)
                ^^^^^^^^^^^^^^^^^^^^^^^^^^^^^^^^^^^^^^^^^^
  File "/usr/local/lib/python3.12/smtplib.py", line 312, in _get_socket
    return socket.create_connection((host, port), timeout,
           ^^^^^^^^^^^^^^^^^^^^^^^^^^^^^^^^^^^^^^^^^^^^^^^
  File "/usr/local/lib/python3.12/socket.py", line 865, in create_connection
    raise exceptions[0]
  File "/usr/local/lib/python3.12/socket.py", line 850, in create_connection
    sock.connect(sa)
ConnectionRefusedError: [Errno 111] Connection refused
[2024-10-16T13:53:35.922+0000] {taskinstance.py:340} INFO - ::group::Post task execution logs
[2024-10-16T13:53:36.319+0000] {process_utils.py:80} INFO - Process psutil.Process(pid=462, status='terminated', exitcode=2, started='13:32:12') (462) terminated with exit code 2
